<html><script>alert('iSEC: '+document.domain)</script></html>
